--- New Request ---\nTime: 2025-11-04 07:47:08\nPOST data: Array
(
    [id] => 2
)
\nRaw input: \n--- New Request ---\nTime: 2025-11-04 07:47:47\nPOST data: Array
(
    [id] => 2
)
\nRaw input: \n--- New Request ---\nTime: 2025-11-04 07:47:51\nPOST data: Array
(
)
\nRaw input: \n--- New Request ---\nTime: 2025-11-04 07:48:02\nPOST data: Array
(
)
\nRaw input: \n--- New Request ---\nTime: 2025-11-04 07:48:11\nPOST data: Array
(
    [id] => 2
)
\nRaw input: \n--- New Request ---\nTime: 2025-11-04 07:48:25\nPOST data: Array
(
    [id] => 1
)
\nRaw input: \n--- New Request ---\nTime: 2025-11-04 07:48:37\nPOST data: Array
(
)
\nRaw input: \n--- New Request ---\nTime: 2025-11-04 07:49:00\nPOST data: Array
(
)
\nRaw input: \n